Change Component Designator: OldDesignator=C? NewDesignator=C1
Change Component Designator: OldDesignator=C? NewDesignator=C2
Change Component Designator: OldDesignator=C? NewDesignator=C3
Change Component Designator: OldDesignator=C? NewDesignator=C4
Change Component Designator: OldDesignator=C? NewDesignator=C5
Change Component Designator: OldDesignator=C? NewDesignator=C6
Change Component Designator: OldDesignator=J? NewDesignator=J1
Change Component Designator: OldDesignator=P? NewDesignator=P1
Change Component Designator: OldDesignator=R? NewDesignator=R1
Change Component Designator: OldDesignator=R? NewDesignator=R2
Change Component Designator: OldDesignator=R? NewDesignator=R3
Change Component Designator: OldDesignator=TP? NewDesignator=TP1
Change Component Designator: OldDesignator=TP? NewDesignator=TP2
Added Member To Class: ClassName=Sheet2 Member=Component C1 10uF
Added Member To Class: ClassName=Sheet2 Member=Component C2 0.1uF
Added Member To Class: ClassName=Sheet2 Member=Component C4 0.1uF
Added Member To Class: ClassName=Sheet2 Member=Component C5 10uF
Added Member To Class: ClassName=Sheet2 Member=Component C6 0.1uF
Added Member To Class: ClassName=Sheet2 Member=Component R1 DNP
Added Member To Class: ClassName=Sheet2 Member=Component R3 *
Added Member To Class: ClassName=Sheet2 Member=Component TP2 =VALUE
